# JRE version: OpenJDK Runtime Environment (21.0.8) (build 21.0.8+-14196175-b1038.72)
# Java VM: OpenJDK 64-Bit Server VM (21.0.8+-14196175-b1038.72, mixed mode, tiered, compressed oops, compressed class ptrs, g1 gc, windows-amd64)
GC Precious Log:
 CardTable entry size: 512
 Card Set container configuration: InlinePtr #cards 4 size 8 Array Of Cards #cards 16 size 48 Howl #buckets 8 coarsen threshold 3686 Howl Bitmap #cards 512 size 80 coarsen threshold 460 Card regions per heap region 1 cards per card region 4096
 CPUs: 8 total, 8 available
 Memory: 7865M
 Large Page Support: Disabled
 NUMA Support: Disabled
 Compressed Oops: Enabled (Zero based)
 Heap Region Size: 2M
 Heap Min Capacity: 8M
 Heap Initial Capacity: 124M
 Heap Max Capacity: 4G
 Pre-touch: Disabled
 Parallel Workers: 8
 Concurrent Workers: 2
 Concurrent Refinement Workers: 8
 Periodic GC: Disabled
Heap:
 garbage-first heap   total 172032K, used 120078K [0x0000000700000000, 0x0000000800000000)
  region size 2048K, 10 young (20480K), 3 survivors (6144K)
 Metaspace       used 100729K, committed 102848K, reserved 983040K
  class space    used 14126K, committed 15168K, reserved 851968K
GC Heap History (20 events):
Event: 163.422 GC heap before
{Heap before GC invocations=28 (full 0):
 garbage-first heap   total 106496K, used 91732K [0x0000000700000000, 0x0000000800000000)
  region size 2048K, 15 young (30720K), 2 survivors (4096K)
 Metaspace       used 83099K, committed 84928K, reserved 983040K
  class space    used 11907K, committed 12800K, reserved 851968K
}
Event: 163.455 GC heap after
{Heap after GC invocations=29 (full 0):
 garbage-first heap   total 106496K, used 70620K [0x0000000700000000, 0x0000000800000000)
  region size 2048K, 2 young (4096K), 2 survivors (4096K)
 Metaspace       used 83099K, committed 84928K, reserved 983040K
  class space    used 11907K, committed 12800K, reserved 851968K
}
Event: 168.032 GC heap before
{Heap before GC invocations=29 (full 0):
 garbage-first heap   total 106496K, used 93148K [0x0000000700000000, 0x0000000800000000)
  region size 2048K, 13 young (26624K), 2 survivors (4096K)
 Metaspace       used 83829K, committed 85632K, reserved 983040K
  class space    used 11997K, committed 12864K, reserved 851968K
}
Event: 168.162 GC heap after
{Heap after GC invocations=30 (full 0):
 garbage-first heap   total 106496K, used 71564K [0x0000000700000000, 0x0000000800000000)
  region size 2048K, 1 young (2048K), 1 survivors (2048K)
 Metaspace       used 83829K, committed 85632K, reserved 983040K
  class space    used 11997K, committed 12864K, reserved 851968K
}
Event: 176.842 GC heap before
{Heap before GC invocations=31 (full 0):
 garbage-first heap   total 126976K, used 100236K [0x0000000700000000, 0x0000000800000000)
  region size 2048K, 12 young (24576K), 1 survivors (2048K)
 Metaspace       used 84372K, committed 86272K, reserved 983040K
  class space    used 12073K, committed 12992K, reserved 851968K
}
Event: 176.855 GC heap after
{Heap after GC invocations=32 (full 0):
 garbage-first heap   total 126976K, used 90811K [0x0000000700000000, 0x0000000800000000)
  region size 2048K, 2 young (4096K), 2 survivors (4096K)
 Metaspace       used 84372K, committed 86272K, reserved 983040K
  class space    used 12073K, committed 12992K, reserved 851968K
}
Event: 181.655 GC heap before
{Heap before GC invocations=32 (full 0):
 garbage-first heap   total 126976K, used 107195K [0x0000000700000000, 0x0000000800000000)
  region size 2048K, 11 young (22528K), 2 survivors (4096K)
 Metaspace       used 85753K, committed 87616K, reserved 983040K
  class space    used 12239K, committed 13120K, reserved 851968K
}
Event: 181.747 GC heap after
{Heap after GC invocations=33 (full 0):
 garbage-first heap   total 126976K, used 91362K [0x0000000700000000, 0x0000000800000000)
  region size 2048K, 1 young (2048K), 1 survivors (2048K)
 Metaspace       used 85753K, committed 87616K, reserved 983040K
  class space    used 12239K, committed 13120K, reserved 851968K
}
Event: 188.959 GC heap before
{Heap before GC invocations=33 (full 0):
 garbage-first heap   total 126976K, used 111842K [0x0000000700000000, 0x0000000800000000)
  region size 2048K, 11 young (22528K), 1 survivors (2048K)
 Metaspace       used 87642K, committed 89472K, reserved 983040K
  class space    used 12433K, committed 13312K, reserved 851968K
}
Event: 188.985 GC heap after
{Heap after GC invocations=34 (full 0):
 garbage-first heap   total 155648K, used 91885K [0x0000000700000000, 0x0000000800000000)
  region size 2048K, 2 young (4096K), 2 survivors (4096K)
 Metaspace       used 87642K, committed 89472K, reserved 983040K
  class space    used 12433K, committed 13312K, reserved 851968K
}
Event: 197.310 GC heap before
{Heap before GC invocations=35 (full 0):
 garbage-first heap   total 157696K, used 126701K [0x0000000700000000, 0x0000000800000000)
  region size 2048K, 20 young (40960K), 2 survivors (4096K)
 Metaspace       used 91275K, committed 93120K, reserved 983040K
  class space    used 12827K, committed 13696K, reserved 851968K
}
Event: 197.320 GC heap after
{Heap after GC invocations=36 (full 0):
 garbage-first heap   total 157696K, used 92812K [0x0000000700000000, 0x0000000800000000)
  region size 2048K, 2 young (4096K), 2 survivors (4096K)
 Metaspace       used 91275K, committed 93120K, reserved 983040K
  class space    used 12827K, committed 13696K, reserved 851968K
}
Event: 205.936 GC heap before
{Heap before GC invocations=36 (full 0):
 garbage-first heap   total 157696K, used 133772K [0x0000000700000000, 0x0000000800000000)
  region size 2048K, 22 young (45056K), 2 survivors (4096K)
 Metaspace       used 94030K, committed 95936K, reserved 983040K
  class space    used 13171K, committed 14144K, reserved 851968K
}
Event: 206.326 GC heap after
{Heap after GC invocations=37 (full 0):
 garbage-first heap   total 157696K, used 96508K [0x0000000700000000, 0x0000000800000000)
  region size 2048K, 3 young (6144K), 3 survivors (6144K)
 Metaspace       used 94030K, committed 95936K, reserved 983040K
  class space    used 13171K, committed 14144K, reserved 851968K
}
Event: 215.144 GC heap before
{Heap before GC invocations=37 (full 0):
 garbage-first heap   total 157696K, used 135420K [0x0000000700000000, 0x0000000800000000)
  region size 2048K, 22 young (45056K), 3 survivors (6144K)
 Metaspace       used 96894K, committed 98880K, reserved 983040K
  class space    used 13571K, committed 14528K, reserved 851968K
}
Event: 215.193 GC heap after
{Heap after GC invocations=38 (full 0):
 garbage-first heap   total 157696K, used 99311K [0x0000000700000000, 0x0000000800000000)
  region size 2048K, 2 young (4096K), 2 survivors (4096K)
 Metaspace       used 96894K, committed 98880K, reserved 983040K
  class space    used 13571K, committed 14528K, reserved 851968K
}
Event: 232.177 GC heap before
{Heap before GC invocations=39 (full 0):
 garbage-first heap   total 172032K, used 142319K [0x0000000700000000, 0x0000000800000000)
  region size 2048K, 21 young (43008K), 2 survivors (4096K)
 Metaspace       used 99876K, committed 101824K, reserved 983040K
  class space    used 13987K, committed 14976K, reserved 851968K
}
Event: 232.210 GC heap after
{Heap after GC invocations=40 (full 0):
 garbage-first heap   total 172032K, used 105338K [0x0000000700000000, 0x0000000800000000)
  region size 2048K, 3 young (6144K), 3 survivors (6144K)
 Metaspace       used 99876K, committed 101824K, reserved 983040K
  class space    used 13987K, committed 14976K, reserved 851968K
}
Event: 250.782 GC heap before
{Heap before GC invocations=40 (full 0):
 garbage-first heap   total 172032K, used 134010K [0x0000000700000000, 0x0000000800000000)
  region size 2048K, 17 young (34816K), 3 survivors (6144K)
 Metaspace       used 100692K, committed 102784K, reserved 983040K
  class space    used 14120K, committed 15168K, reserved 851968K
}
Event: 250.856 GC heap after
{Heap after GC invocations=41 (full 0):
 garbage-first heap   total 172032K, used 107790K [0x0000000700000000, 0x0000000800000000)
  region size 2048K, 3 young (6144K), 3 survivors (6144K)
 Metaspace       used 100692K, committed 102784K, reserved 983040K
  class space    used 14120K, committed 15168K, reserved 851968K
}

